This file contains any messages produced by compilers while
running configure, to aid debugging if configure makes a mistake.

It was created by RtMidi configure 1.0, which was
generated by GNU Autoconf 2.61.  Invocation command line was

  $ ./configure 

## --------- ##
## Platform. ##
## --------- ##

hostname = yume
uname -m = i686
uname -r = 2.6.24.7-rt21-linuxice2.0.1
uname -s = Linux
uname -v = #1 SMP PREEMPT RT Fri Oct 31 11:56:57 CDT 2008

/usr/bin/uname -p = unknown
/bin/uname -X     = unknown

/bin/arch              = unknown
/usr/bin/arch -k       = unknown
/usr/convex/getsysinfo = unknown
/usr/bin/hostinfo      = unknown
/bin/machine           = unknown
/usr/bin/oslevel       = unknown
/bin/universe          = unknown

PATH: /usr/local/sbin
PATH: /usr/local/bin
PATH: /usr/sbin
PATH: /usr/bin
PATH: /sbin
PATH: /bin
PATH: /usr/games


## ----------- ##
## Core tests. ##
## ----------- ##

configure:1774: checking for gcc
configure:1790: found /usr/bin/gcc
configure:1801: result: gcc
configure:2039: checking for C compiler version
configure:2046: gcc --version >&5
gcc (Ubuntu 4.3.2-1ubuntu11) 4.3.2
Copyright (C) 2008 Free Software Foundation, Inc.
This is free software; see the source for copying conditions.  There is NO
warranty; not even for MERCHANTABILITY or FITNESS FOR A PARTICULAR PURPOSE.

configure:2049: $? = 0
configure:2056: gcc -v >&5
Using built-in specs.
Target: i486-linux-gnu
Configured with: ../src/configure -v --with-pkgversion='Ubuntu 4.3.2-1ubuntu11' --with-bugurl=file:///usr/share/doc/gcc-4.3/README.Bugs --enable-languages=c,c++,fortran,objc,obj-c++ --prefix=/usr --enable-shared --with-system-zlib --libexecdir=/usr/lib --without-included-gettext --enable-threads=posix --enable-nls --with-gxx-include-dir=/usr/include/c++/4.3 --program-suffix=-4.3 --enable-clocale=gnu --enable-libstdcxx-debug --enable-objc-gc --enable-mpfr --enable-targets=all --enable-checking=release --build=i486-linux-gnu --host=i486-linux-gnu --target=i486-linux-gnu
Thread model: posix
gcc version 4.3.2 (Ubuntu 4.3.2-1ubuntu11) 
configure:2059: $? = 0
configure:2066: gcc -V >&5
gcc: '-V' option must have argument
configure:2069: $? = 1
configure:2092: checking for C compiler default output file name
configure:2119: gcc    conftest.c  >&5
configure:2122: $? = 0
configure:2160: result: a.out
configure:2177: checking whether the C compiler works
configure:2187: ./a.out
configure:2190: $? = 0
configure:2207: result: yes
configure:2214: checking whether we are cross compiling
configure:2216: result: no
configure:2219: checking for suffix of executables
configure:2226: gcc -o conftest    conftest.c  >&5
configure:2229: $? = 0
configure:2253: result: 
configure:2259: checking for suffix of object files
configure:2285: gcc -c   conftest.c >&5
configure:2288: $? = 0
configure:2311: result: o
configure:2315: checking whether we are using the GNU C compiler
configure:2344: gcc -c   conftest.c >&5
configure:2350: $? = 0
configure:2367: result: yes
configure:2372: checking whether gcc accepts -g
configure:2402: gcc -c -g  conftest.c >&5
configure:2408: $? = 0
configure:2507: result: yes
configure:2524: checking for gcc option to accept ISO C89
configure:2598: gcc  -c -g -O2  conftest.c >&5
configure:2604: $? = 0
configure:2627: result: none needed
configure:2703: checking for g++
configure:2719: found /usr/bin/g++
configure:2730: result: g++
configure:2761: checking for C++ compiler version
configure:2768: g++ --version >&5
g++ (Ubuntu 4.3.2-1ubuntu11) 4.3.2
Copyright (C) 2008 Free Software Foundation, Inc.
This is free software; see the source for copying conditions.  There is NO
warranty; not even for MERCHANTABILITY or FITNESS FOR A PARTICULAR PURPOSE.

configure:2771: $? = 0
configure:2778: g++ -v >&5
Using built-in specs.
Target: i486-linux-gnu
Configured with: ../src/configure -v --with-pkgversion='Ubuntu 4.3.2-1ubuntu11' --with-bugurl=file:///usr/share/doc/gcc-4.3/README.Bugs --enable-languages=c,c++,fortran,objc,obj-c++ --prefix=/usr --enable-shared --with-system-zlib --libexecdir=/usr/lib --without-included-gettext --enable-threads=posix --enable-nls --with-gxx-include-dir=/usr/include/c++/4.3 --program-suffix=-4.3 --enable-clocale=gnu --enable-libstdcxx-debug --enable-objc-gc --enable-mpfr --enable-targets=all --enable-checking=release --build=i486-linux-gnu --host=i486-linux-gnu --target=i486-linux-gnu
Thread model: posix
gcc version 4.3.2 (Ubuntu 4.3.2-1ubuntu11) 
configure:2781: $? = 0
configure:2788: g++ -V >&5
g++: '-V' option must have argument
configure:2791: $? = 1
configure:2794: checking whether we are using the GNU C++ compiler
configure:2823: g++ -c   conftest.cpp >&5
configure:2829: $? = 0
configure:2846: result: yes
configure:2851: checking whether g++ accepts -g
configure:2881: g++ -c -g  conftest.cpp >&5
configure:2887: $? = 0
configure:2986: result: yes
configure:3017: checking how to run the C preprocessor
configure:3057: gcc -E  conftest.c
configure:3063: $? = 0
configure:3094: gcc -E  conftest.c
conftest.c:8:28: error: ac_nonexistent.h: No such file or directory
configure:3100: $? = 1
configure: failed program was:
| /* confdefs.h.  */
| #define PACKAGE_NAME "RtMidi"
| #define PACKAGE_TARNAME "rtmidi"
| #define PACKAGE_VERSION "1.0"
| #define PACKAGE_STRING "RtMidi 1.0"
| #define PACKAGE_BUGREPORT "gary@music.mcgill.ca"
| /* end confdefs.h.  */
| #include <ac_nonexistent.h>
configure:3133: result: gcc -E
configure:3162: gcc -E  conftest.c
configure:3168: $? = 0
configure:3199: gcc -E  conftest.c
conftest.c:8:28: error: ac_nonexistent.h: No such file or directory
configure:3205: $? = 1
configure: failed program was:
| /* confdefs.h.  */
| #define PACKAGE_NAME "RtMidi"
| #define PACKAGE_TARNAME "rtmidi"
| #define PACKAGE_VERSION "1.0"
| #define PACKAGE_STRING "RtMidi 1.0"
| #define PACKAGE_BUGREPORT "gary@music.mcgill.ca"
| /* end confdefs.h.  */
| #include <ac_nonexistent.h>
configure:3243: checking for grep that handles long lines and -e
configure:3317: result: /bin/grep
configure:3322: checking for egrep
configure:3400: result: /bin/grep -E
configure:3405: checking for ANSI C header files
configure:3435: gcc -c -g -O2  conftest.c >&5
configure:3441: $? = 0
configure:3540: gcc -o conftest -g -O2   conftest.c  >&5
configure:3543: $? = 0
configure:3549: ./conftest
configure:3552: $? = 0
configure:3569: result: yes
configure:3593: checking for sys/types.h
configure:3614: gcc -c -g -O2  conftest.c >&5
configure:3620: $? = 0
configure:3636: result: yes
configure:3593: checking for sys/stat.h
configure:3614: gcc -c -g -O2  conftest.c >&5
configure:3620: $? = 0
configure:3636: result: yes
configure:3593: checking for stdlib.h
configure:3614: gcc -c -g -O2  conftest.c >&5
configure:3620: $? = 0
configure:3636: result: yes
configure:3593: checking for string.h
configure:3614: gcc -c -g -O2  conftest.c >&5
configure:3620: $? = 0
configure:3636: result: yes
configure:3593: checking for memory.h
configure:3614: gcc -c -g -O2  conftest.c >&5
configure:3620: $? = 0
configure:3636: result: yes
configure:3593: checking for strings.h
configure:3614: gcc -c -g -O2  conftest.c >&5
configure:3620: $? = 0
configure:3636: result: yes
configure:3593: checking for inttypes.h
configure:3614: gcc -c -g -O2  conftest.c >&5
configure:3620: $? = 0
configure:3636: result: yes
configure:3593: checking for stdint.h
configure:3614: gcc -c -g -O2  conftest.c >&5
configure:3620: $? = 0
configure:3636: result: yes
configure:3593: checking for unistd.h
configure:3614: gcc -c -g -O2  conftest.c >&5
configure:3620: $? = 0
configure:3636: result: yes
configure:3664: checking sys/ioctl.h usability
configure:3681: gcc -c -g -O2  conftest.c >&5
configure:3687: $? = 0
configure:3701: result: yes
configure:3705: checking sys/ioctl.h presence
configure:3720: gcc -E  conftest.c
configure:3726: $? = 0
configure:3740: result: yes
configure:3773: checking for sys/ioctl.h
configure:3781: result: yes
configure:3654: checking for unistd.h
configure:3660: result: yes
configure:3796: checking for an ANSI C-conforming const
configure:3871: gcc -c -g -O2  conftest.c >&5
configure:3877: $? = 0
configure:3892: result: yes
configure:3904: checking whether to compile debug version
configure:3917: result: no
configure:3966: checking build system type
configure:3984: result: i686-pc-linux-gnu
configure:4006: checking host system type
configure:4021: result: i686-pc-linux-gnu
configure:4043: checking for MIDI API
configure:4050: checking for snd_seq_open in -lasound
configure:4085: gcc -o conftest -g -O2   conftest.c -lasound   >&5
configure:4091: $? = 0
configure:4109: result: yes
configure:4126: checking for pthread_create in -lpthread
configure:4161: gcc -o conftest -g -O2   conftest.c -lpthread  -lasound  >&5
configure:4167: $? = 0
configure:4185: result: yes
configure:4526: checking whether gcc needs -traditional
configure:4568: result: no
configure:4706: creating ./config.status

## ---------------------- ##
## Running config.status. ##
## ---------------------- ##

This file was extended by RtMidi config.status 1.0, which was
generated by GNU Autoconf 2.61.  Invocation command line was

  CONFIG_FILES    = 
  CONFIG_HEADERS  = 
  CONFIG_LINKS    = 
  CONFIG_COMMANDS = 
  $ ./config.status 

on yume

config.status:592: creating tests/Makefile

## ---------------- ##
## Cache variables. ##
## ---------------- ##

ac_cv_build=i686-pc-linux-gnu
ac_cv_c_compiler_gnu=yes
ac_cv_c_const=yes
ac_cv_cxx_compiler_gnu=yes
ac_cv_env_CCC_set=
ac_cv_env_CCC_value=
ac_cv_env_CC_set=
ac_cv_env_CC_value=
ac_cv_env_CFLAGS_set=
ac_cv_env_CFLAGS_value=
ac_cv_env_CPPFLAGS_set=
ac_cv_env_CPPFLAGS_value=
ac_cv_env_CPP_set=
ac_cv_env_CPP_value=
ac_cv_env_CXXFLAGS_set=
ac_cv_env_CXXFLAGS_value=
ac_cv_env_CXX_set=
ac_cv_env_CXX_value=
ac_cv_env_LDFLAGS_set=
ac_cv_env_LDFLAGS_value=
ac_cv_env_LIBS_set=
ac_cv_env_LIBS_value=
ac_cv_env_build_alias_set=
ac_cv_env_build_alias_value=
ac_cv_env_host_alias_set=
ac_cv_env_host_alias_value=
ac_cv_env_target_alias_set=
ac_cv_env_target_alias_value=
ac_cv_header_inttypes_h=yes
ac_cv_header_memory_h=yes
ac_cv_header_stdc=yes
ac_cv_header_stdint_h=yes
ac_cv_header_stdlib_h=yes
ac_cv_header_string_h=yes
ac_cv_header_strings_h=yes
ac_cv_header_sys_ioctl_h=yes
ac_cv_header_sys_stat_h=yes
ac_cv_header_sys_types_h=yes
ac_cv_header_unistd_h=yes
ac_cv_host=i686-pc-linux-gnu
ac_cv_lib_asound_snd_seq_open=yes
ac_cv_lib_pthread_pthread_create=yes
ac_cv_objext=o
ac_cv_path_EGREP='/bin/grep -E'
ac_cv_path_GREP=/bin/grep
ac_cv_prog_CPP='gcc -E'
ac_cv_prog_ac_ct_CC=gcc
ac_cv_prog_ac_ct_CXX=g++
ac_cv_prog_cc_c89=
ac_cv_prog_cc_g=yes
ac_cv_prog_cxx_g=yes
ac_cv_prog_gcc_traditional=no

## ----------------- ##
## Output variables. ##
## ----------------- ##

CC='gcc'
CFLAGS='-g -O2'
CPP='gcc -E'
CPPFLAGS=''
CXX='g++'
CXXFLAGS='-g -O2'
DEFS='-DPACKAGE_NAME=\"RtMidi\" -DPACKAGE_TARNAME=\"rtmidi\" -DPACKAGE_VERSION=\"1.0\" -DPACKAGE_STRING=\"RtMidi\ 1.0\" -DPACKAGE_BUGREPORT=\"gary@music.mcgill.ca\" -DSTDC_HEADERS=1 -DHAVE_SYS_TYPES_H=1 -DHAVE_SYS_STAT_H=1 -DHAVE_STDLIB_H=1 -DHAVE_STRING_H=1 -DHAVE_MEMORY_H=1 -DHAVE_STRINGS_H=1 -DHAVE_INTTYPES_H=1 -DHAVE_STDINT_H=1 -DHAVE_UNISTD_H=1 -DHAVE_SYS_IOCTL_H=1 -DHAVE_UNISTD_H=1 -DHAVE_LIBASOUND=1 -DHAVE_LIBPTHREAD=1'
ECHO_C=''
ECHO_N='-n'
ECHO_T=''
EGREP='/bin/grep -E'
EXEEXT=''
GREP='/bin/grep'
GXX='yes'
LDFLAGS=''
LIBOBJS=''
LIBS='-lpthread -lasound '
LTLIBOBJS=''
OBJEXT='o'
PACKAGE_BUGREPORT='gary@music.mcgill.ca'
PACKAGE_NAME='RtMidi'
PACKAGE_STRING='RtMidi 1.0'
PACKAGE_TARNAME='rtmidi'
PACKAGE_VERSION='1.0'
PATH_SEPARATOR=':'
SHELL='/bin/bash'
ac_ct_CC='gcc'
ac_ct_CXX='g++'
bindir='${exec_prefix}/bin'
build='i686-pc-linux-gnu'
build_alias=''
build_cpu='i686'
build_os='linux-gnu'
build_vendor='pc'
cflags='-O2'
datadir='${datarootdir}'
datarootdir='${prefix}/share'
debug=''
docdir='${datarootdir}/doc/${PACKAGE_TARNAME}'
dvidir='${docdir}'
exec_prefix='${prefix}'
frameworks=''
host='i686-pc-linux-gnu'
host_alias=''
host_cpu='i686'
host_os='linux-gnu'
host_vendor='pc'
htmldir='${docdir}'
includedir='${prefix}/include'
infodir='${datarootdir}/info'
libdir='${exec_prefix}/lib'
libexecdir='${exec_prefix}/libexec'
localedir='${datarootdir}/locale'
localstatedir='${prefix}/var'
mandir='${datarootdir}/man'
midi_api='-D__LINUX_ALSASEQ__'
object_path='Release'
oldincludedir='/usr/include'
pdfdir='${docdir}'
prefix='/usr/local'
program_transform_name='s,x,x,'
psdir='${docdir}'
sbindir='${exec_prefix}/sbin'
sharedstatedir='${prefix}/com'
sysconfdir='${prefix}/etc'
target_alias=''
warn='-Wall'

## ----------- ##
## confdefs.h. ##
## ----------- ##

#define PACKAGE_NAME "RtMidi"
#define PACKAGE_TARNAME "rtmidi"
#define PACKAGE_VERSION "1.0"
#define PACKAGE_STRING "RtMidi 1.0"
#define PACKAGE_BUGREPORT "gary@music.mcgill.ca"
#define STDC_HEADERS 1
#define HAVE_SYS_TYPES_H 1
#define HAVE_SYS_STAT_H 1
#define HAVE_STDLIB_H 1
#define HAVE_STRING_H 1
#define HAVE_MEMORY_H 1
#define HAVE_STRINGS_H 1
#define HAVE_INTTYPES_H 1
#define HAVE_STDINT_H 1
#define HAVE_UNISTD_H 1
#define HAVE_SYS_IOCTL_H 1
#define HAVE_UNISTD_H 1
#define HAVE_LIBASOUND 1
#define HAVE_LIBPTHREAD 1

configure: exit 0
